<?xml version="1.0" encoding="UTF-8"?>
<!-- Generated by org.testng.reporters.JUnitReportReporter -->
<testsuite hostname="rently-Latitude-3490" failures="0" tests="1" name="FactoryPatternTest" time="41.466" errors="0" timestamp="26 Feb 2019 11:15:27 GMT" skipped="0">
  <testcase classname="FactoryPatternTest" name="launchRently" time="41.466"/>
</testsuite> <!-- FactoryPatternTest -->
