<?xml version="1.0" encoding="UTF-8"?>
<!-- Generated by org.testng.reporters.JUnitReportReporter -->
<testsuite hostname="rently-Latitude-3490" failures="0" tests="1" name="executionEngine.DriverScript" time="53.133" errors="0" timestamp="07 Aug 2019 11:38:33 GMT" skipped="0">
  <testcase classname="executionEngine.DriverScript" name="Rently" time="53.133"/>
</testsuite> <!-- executionEngine.DriverScript -->
