<?xml version="1.0" encoding="UTF-8"?>
<!-- Generated by org.testng.reporters.JUnitReportReporter -->
<testsuite hostname="rently-Latitude-3490" failures="0" tests="1" name="executionEngine.DriverScript" time="53.212" errors="0" timestamp="11 Sep 2019 05:50:23 GMT" skipped="0">
  <testcase classname="executionEngine.DriverScript" name="Rently" time="53.212"/>
</testsuite> <!-- executionEngine.DriverScript -->
